# JRE version: Java(TM) SE Runtime Environment (7.0_80-b15) (build 1.7.0_80-b15)
# Java VM: Java HotSpot(TM) 64-Bit Server VM (24.80-b11 mixed mode windows-amd64 compressed oops)
Heap
 PSYoungGen      total 76288K, used 20745K [0x00000007ab300000, 0x00000007b0800000, 0x0000000800000000)
  eden space 65536K, 16% used [0x00000007ab300000,0x00000007abda87e0,0x00000007af300000)
  from space 10752K, 91% used [0x00000007af300000,0x00000007afc99d48,0x00000007afd80000)
  to   space 10752K, 0% used [0x00000007afd80000,0x00000007afd80000,0x00000007b0800000)
 ParOldGen       total 173568K, used 88K [0x0000000701a00000, 0x000000070c380000, 0x00000007ab300000)
  object space 173568K, 0% used [0x0000000701a00000,0x0000000701a16010,0x000000070c380000)
 PSPermGen       total 23040K, used 22949K [0x00000006fc800000, 0x00000006fde80000, 0x0000000701a00000)
  object space 23040K, 99% used [0x00000006fc800000,0x00000006fde69460,0x00000006fde80000)
GC Heap History (6 events):
Event: 2.215 GC heap before
{Heap before GC invocations=1 (full 0):
 PSYoungGen      total 76288K, used 65536K [0x00000007ab300000, 0x00000007b0800000, 0x0000000800000000)
  eden space 65536K, 100% used [0x00000007ab300000,0x00000007af300000,0x00000007af300000)
  from space 10752K, 0% used [0x00000007afd80000,0x00000007afd80000,0x00000007b0800000)
  to   space 10752K, 0% used [0x00000007af300000,0x00000007af300000,0x00000007afd80000)
 ParOldGen       total 173568K, used 0K [0x0000000701a00000, 0x000000070c380000, 0x00000007ab300000)
  object space 173568K, 0% used [0x0000000701a00000,0x0000000701a00000,0x000000070c380000)
 PSPermGen       total 21504K, used 12255K [0x00000006fc800000, 0x00000006fdd00000, 0x0000000701a00000)
  object space 21504K, 56% used [0x00000006fc800000,0x00000006fd3f7d30,0x00000006fdd00000)
Event: 2.224 GC heap after
Heap after GC invocations=1 (full 0):
 PSYoungGen      total 76288K, used 7926K [0x00000007ab300000, 0x00000007b0800000, 0x0000000800000000)
  eden space 65536K, 0% used [0x00000007ab300000,0x00000007ab300000,0x00000007af300000)
  from space 10752K, 73% used [0x00000007af300000,0x00000007afabd848,0x00000007afd80000)
  to   space 10752K, 0% used [0x00000007afd80000,0x00000007afd80000,0x00000007b0800000)
 ParOldGen       total 173568K, used 72K [0x0000000701a00000, 0x000000070c380000, 0x00000007ab300000)
  object space 173568K, 0% used [0x0000000701a00000,0x0000000701a12010,0x000000070c380000)
 PSPermGen       total 21504K, used 12255K [0x00000006fc800000, 0x00000006fdd00000, 0x0000000701a00000)
  object space 21504K, 56% used [0x00000006fc800000,0x00000006fd3f7d30,0x00000006fdd00000)
}
Event: 3.329 GC heap before
{Heap before GC invocations=2 (full 0):
 PSYoungGen      total 76288K, used 73462K [0x00000007ab300000, 0x00000007b0800000, 0x0000000800000000)
  eden space 65536K, 100% used [0x00000007ab300000,0x00000007af300000,0x00000007af300000)
  from space 10752K, 73% used [0x00000007af300000,0x00000007afabd848,0x00000007afd80000)
  to   space 10752K, 0% used [0x00000007afd80000,0x00000007afd80000,0x00000007b0800000)
 ParOldGen       total 173568K, used 72K [0x0000000701a00000, 0x000000070c380000, 0x00000007ab300000)
  object space 173568K, 0% used [0x0000000701a00000,0x0000000701a12010,0x000000070c380000)
 PSPermGen       total 21504K, used 16277K [0x00000006fc800000, 0x00000006fdd00000, 0x0000000701a00000)
  object space 21504K, 75% used [0x00000006fc800000,0x00000006fd7e56e0,0x00000006fdd00000)
Event: 3.339 GC heap after
Heap after GC invocations=2 (full 0):
 PSYoungGen      total 76288K, used 7817K [0x00000007ab300000, 0x00000007b0800000, 0x0000000800000000)
  eden space 65536K, 0% used [0x00000007ab300000,0x00000007ab300000,0x00000007af300000)
  from space 10752K, 72% used [0x00000007afd80000,0x00000007b0522458,0x00000007b0800000)
  to   space 10752K, 0% used [0x00000007af300000,0x00000007af300000,0x00000007afd80000)
 ParOldGen       total 173568K, used 80K [0x0000000701a00000, 0x000000070c380000, 0x00000007ab300000)
  object space 173568K, 0% used [0x0000000701a00000,0x0000000701a14010,0x000000070c380000)
 PSPermGen       total 21504K, used 16277K [0x00000006fc800000, 0x00000006fdd00000, 0x0000000701a00000)
  object space 21504K, 75% used [0x00000006fc800000,0x00000006fd7e56e0,0x00000006fdd00000)
}
Event: 4.433 GC heap before
{Heap before GC invocations=3 (full 0):
 PSYoungGen      total 76288K, used 73353K [0x00000007ab300000, 0x00000007b0800000, 0x0000000800000000)
  eden space 65536K, 100% used [0x00000007ab300000,0x00000007af300000,0x00000007af300000)
  from space 10752K, 72% used [0x00000007afd80000,0x00000007b0522458,0x00000007b0800000)
  to   space 10752K, 0% used [0x00000007af300000,0x00000007af300000,0x00000007afd80000)
 ParOldGen       total 173568K, used 80K [0x0000000701a00000, 0x000000070c380000, 0x00000007ab300000)
  object space 173568K, 0% used [0x0000000701a00000,0x0000000701a14010,0x000000070c380000)
 PSPermGen       total 22528K, used 22449K [0x00000006fc800000, 0x00000006fde00000, 0x0000000701a00000)
  object space 22528K, 99% used [0x00000006fc800000,0x00000006fddec6a0,0x00000006fde00000)
Event: 4.442 GC heap after
Heap after GC invocations=3 (full 0):
 PSYoungGen      total 76288K, used 9831K [0x00000007ab300000, 0x00000007b0800000, 0x0000000800000000)
  eden space 65536K, 0% used [0x00000007ab300000,0x00000007ab300000,0x00000007af300000)
  from space 10752K, 91% used [0x00000007af300000,0x00000007afc99d48,0x00000007afd80000)
  to   space 10752K, 0% used [0x00000007afd80000,0x00000007afd80000,0x00000007b0800000)
 ParOldGen       total 173568K, used 88K [0x0000000701a00000, 0x000000070c380000, 0x00000007ab300000)
  object space 173568K, 0% used [0x0000000701a00000,0x0000000701a16010,0x000000070c380000)
 PSPermGen       total 22528K, used 22449K [0x00000006fc800000, 0x00000006fde00000, 0x0000000701a00000)
  object space 22528K, 99% used [0x00000006fc800000,0x00000006fddec6a0,0x00000006fde00000)
}

